This is pdfTeX, Version 3.1415926-2.4-1.40.13 (TeX Live 2012) (format=pdflatex 2013.6.23)  23 MAY 2015 02:40
entering extended mode
 restricted \write18 enabled.
 file:line:error style messages enabled.
 %&-line parsing enabled.
**Report.tex
(./Report.tex
LaTeX2e <2011/06/27>
Babel <v3.8m> and hyphenation patterns for english, dumylang, nohyphenation, ge
rman-x-2012-05-30, ngerman-x-2012-05-30, afrikaans, ancientgreek, ibycus, arabi
c, armenian, basque, bulgarian, catalan, pinyin, coptic, croatian, czech, danis
h, dutch, ukenglish, usenglishmax, esperanto, estonian, ethiopic, farsi, finnis
h, french, friulan, galician, german, ngerman, swissgerman, monogreek, greek, h
ungarian, icelandic, assamese, bengali, gujarati, hindi, kannada, malayalam, ma
rathi, oriya, panjabi, tamil, telugu, indonesian, interlingua, irish, italian, 
kurmanji, latin, latvian, lithuanian, mongolian, mongolianlmc, bokmal, nynorsk,
 polish, portuguese, romanian, romansh, russian, sanskrit, serbian, serbianc, s
lovak, slovenian, spanish, swedish, turkish, turkmen, ukrainian, uppersorbian, 
welsh, loaded.
(/usr/local/texlive/2012/texmf-dist/tex/latex/base/article.cls
Document Class: article 2007/10/19 v1.4h Standard LaTeX document class
(/usr/local/texlive/2012/texmf-dist/tex/latex/base/size12.clo
File: size12.clo 2007/10/19 v1.4h Standard LaTeX file (size option)
)
\c@part=\count79
\c@section=\count80
\c@subsection=\count81
\c@subsubsection=\count82
\c@paragraph=\count83
\c@subparagraph=\count84
\c@figure=\count85
\c@table=\count86
\abovecaptionskip=\skip41
\belowcaptionskip=\skip42
\bibindent=\dimen102
)
(/usr/local/texlive/2012/texmf-dist/tex/latex/geometry/geometry.sty
Package: geometry 2010/09/12 v5.6 Page Geometry

(/usr/local/texlive/2012/texmf-dist/tex/latex/graphics/keyval.sty
Package: keyval 1999/03/16 v1.13 key=value parser (DPC)
\KV@toks@=\toks14
)
(/usr/local/texlive/2012/texmf-dist/tex/generic/oberdiek/ifpdf.sty
Package: ifpdf 2011/01/30 v2.3 Provides the ifpdf switch (HO)
Package ifpdf Info: pdfTeX in PDF mode is detected.
)
(/usr/local/texlive/2012/texmf-dist/tex/generic/oberdiek/ifvtex.sty
Package: ifvtex 2010/03/01 v1.5 Detect VTeX and its facilities (HO)
Package ifvtex Info: VTeX not detected.
)
(/usr/local/texlive/2012/texmf-dist/tex/generic/ifxetex/ifxetex.sty
Package: ifxetex 2010/09/12 v0.6 Provides ifxetex conditional
)
\Gm@cnth=\count87
\Gm@cntv=\count88
\c@Gm@tempcnt=\count89
\Gm@bindingoffset=\dimen103
\Gm@wd@mp=\dimen104
\Gm@odd@mp=\dimen105
\Gm@even@mp=\dimen106
\Gm@layoutwidth=\dimen107
\Gm@layoutheight=\dimen108
\Gm@layouthoffset=\dimen109
\Gm@layoutvoffset=\dimen110
\Gm@dimlist=\toks15
)
(/usr/local/texlive/2012/texmf-dist/tex/latex/graphics/graphicx.sty
Package: graphicx 1999/02/16 v1.0f Enhanced LaTeX Graphics (DPC,SPQR)

(/usr/local/texlive/2012/texmf-dist/tex/latex/graphics/graphics.sty
Package: graphics 2009/02/05 v1.0o Standard LaTeX Graphics (DPC,SPQR)

(/usr/local/texlive/2012/texmf-dist/tex/latex/graphics/trig.sty
Package: trig 1999/03/16 v1.09 sin cos tan (DPC)
)
(/usr/local/texlive/2012/texmf-dist/tex/latex/latexconfig/graphics.cfg
File: graphics.cfg 2010/04/23 v1.9 graphics configuration of TeX Live
)
Package graphics Info: Driver file: pdftex.def on input line 91.

(/usr/local/texlive/2012/texmf-dist/tex/latex/pdftex-def/pdftex.def
File: pdftex.def 2011/05/27 v0.06d Graphics/color for pdfTeX

(/usr/local/texlive/2012/texmf-dist/tex/generic/oberdiek/infwarerr.sty
Package: infwarerr 2010/04/08 v1.3 Providing info/warning/error messages (HO)
)
(/usr/local/texlive/2012/texmf-dist/tex/generic/oberdiek/ltxcmds.sty
Package: ltxcmds 2011/11/09 v1.22 LaTeX kernel commands for general use (HO)
)
\Gread@gobject=\count90
))
\Gin@req@height=\dimen111
\Gin@req@width=\dimen112
)
(/usr/local/texlive/2012/texmf-dist/tex/latex/amsmath/amsmath.sty
Package: amsmath 2000/07/18 v2.13 AMS math features
\@mathmargin=\skip43

For additional information on amsmath, use the `?' option.
(/usr/local/texlive/2012/texmf-dist/tex/latex/amsmath/amstext.sty
Package: amstext 2000/06/29 v2.01

(/usr/local/texlive/2012/texmf-dist/tex/latex/amsmath/amsgen.sty
File: amsgen.sty 1999/11/30 v2.0
\@emptytoks=\toks16
\ex@=\dimen113
))
(/usr/local/texlive/2012/texmf-dist/tex/latex/amsmath/amsbsy.sty
Package: amsbsy 1999/11/29 v1.2d
\pmbraise@=\dimen114
)
(/usr/local/texlive/2012/texmf-dist/tex/latex/amsmath/amsopn.sty
Package: amsopn 1999/12/14 v2.01 operator names
)
\inf@bad=\count91
LaTeX Info: Redefining \frac on input line 211.
\uproot@=\count92
\leftroot@=\count93
LaTeX Info: Redefining \overline on input line 307.
\classnum@=\count94
\DOTSCASE@=\count95
LaTeX Info: Redefining \ldots on input line 379.
LaTeX Info: Redefining \dots on input line 382.
LaTeX Info: Redefining \cdots on input line 467.
\Mathstrutbox@=\box26
\strutbox@=\box27
\big@size=\dimen115
LaTeX Font Info:    Redeclaring font encoding OML on input line 567.
LaTeX Font Info:    Redeclaring font encoding OMS on input line 568.
\macc@depth=\count96
\c@MaxMatrixCols=\count97
\dotsspace@=\muskip10
\c@parentequation=\count98
\dspbrk@lvl=\count99
\tag@help=\toks17
\row@=\count100
\column@=\count101
\maxfields@=\count102
\andhelp@=\toks18
\eqnshift@=\dimen116
\alignsep@=\dimen117
\tagshift@=\dimen118
\tagwidth@=\dimen119
\totwidth@=\dimen120
\lineht@=\dimen121
\@envbody=\toks19
\multlinegap=\skip44
\multlinetaggap=\skip45
\mathdisplay@stack=\toks20
LaTeX Info: Redefining \[ on input line 2666.
LaTeX Info: Redefining \] on input line 2667.
)
(/usr/local/texlive/2012/texmf-dist/tex/latex/mh/mathtools.sty
Package: mathtools 2012/04/24 v1.12 mathematical typesetting tools

(/usr/local/texlive/2012/texmf-dist/tex/latex/tools/calc.sty
Package: calc 2007/08/22 v4.3 Infix arithmetic (KKT,FJ)
\calc@Acount=\count103
\calc@Bcount=\count104
\calc@Adimen=\dimen122
\calc@Bdimen=\dimen123
\calc@Askip=\skip46
\calc@Bskip=\skip47
LaTeX Info: Redefining \setlength on input line 76.
LaTeX Info: Redefining \addtolength on input line 77.
\calc@Ccount=\count105
\calc@Cskip=\skip48
)
(/usr/local/texlive/2012/texmf-dist/tex/latex/mh/mhsetup.sty
Package: mhsetup 2010/01/21 v1.2a programming setup (MH)
)
\g_MT_multlinerow_int=\count106
\l_MT_multwidth_dim=\dimen124
\origjot=\skip49
\l_MT_shortvdotswithinadjustabove_dim=\dimen125
\l_MT_shortvdotswithinadjustbelow_dim=\dimen126
\l_MT_above_intertext_dim=\dimen127
\l_MT_below_intertext_dim=\dimen128
\l_MT_above_shortintertext_dim=\dimen129
\l_MT_below_shortintertext_dim=\dimen130
)
(/usr/local/texlive/2012/texmf-dist/tex/latex/amsfonts/amssymb.sty
Package: amssymb 2009/06/22 v3.00

(/usr/local/texlive/2012/texmf-dist/tex/latex/amsfonts/amsfonts.sty
Package: amsfonts 2009/06/22 v3.00 Basic AMSFonts support
\symAMSa=\mathgroup4
\symAMSb=\mathgroup5
LaTeX Font Info:    Overwriting math alphabet `\mathfrak' in version `bold'
(Font)                  U/euf/m/n --> U/euf/b/n on input line 96.
))
(/usr/local/texlive/2012/texmf-dist/tex/latex/graphics/color.sty
Package: color 2005/11/14 v1.0j Standard LaTeX Color (DPC)

(/usr/local/texlive/2012/texmf-dist/tex/latex/latexconfig/color.cfg
File: color.cfg 2007/01/18 v1.5 color configuration of teTeX/TeXLive
)
Package color Info: Driver file: pdftex.def on input line 130.
)
(/usr/local/texlive/2012/texmf-dist/tex/latex/appendix/appendix.sty
Package: appendix 2009/09/02 v1.2b extra appendix facilities
\c@@pps=\count107
\c@@ppsavesec=\count108
\c@@ppsaveapp=\count109
)
(/usr/local/texlive/2012/texmf-dist/tex/latex/caption/caption.sty
Package: caption 2012/02/19 v3.2f Customizing captions (AR)

(/usr/local/texlive/2012/texmf-dist/tex/latex/caption/caption3.sty
Package: caption3 2012/01/12 v1.4b caption3 kernel (AR)
\captionmargin=\dimen131
\captionmargin@=\dimen132
\captionwidth=\dimen133
\caption@indent=\dimen134
\caption@parindent=\dimen135
\caption@hangindent=\dimen136
)
\c@ContinuedFloat=\count110
)
(/usr/local/texlive/2012/texmf-dist/tex/latex/glossaries/base/glossaries.sty
Package: glossaries 2012/05/21 v3.02 (NLCT)

(/usr/local/texlive/2012/texmf-dist/tex/latex/base/ifthen.sty
Package: ifthen 2001/05/26 v1.1c Standard LaTeX ifthen package (DPC)
)
(/usr/local/texlive/2012/texmf-dist/tex/latex/xkeyval/xkeyval.sty
Package: xkeyval 2008/08/13 v2.6a package option processing (HA)

(/usr/local/texlive/2012/texmf-dist/tex/generic/xkeyval/xkeyval.tex
\XKV@toks=\toks21
\XKV@tempa@toks=\toks22
\XKV@depth=\count111
File: xkeyval.tex 2008/08/13 v2.6a key=value parser (HA)
))
(/usr/local/texlive/2012/texmf-dist/tex/latex/glossaries/base/mfirstuc.sty
Package: mfirstuc 2012/05/21 v1.06 (NLCT)

(/usr/local/texlive/2012/texmf-dist/tex/latex/etoolbox/etoolbox.sty
Package: etoolbox 2011/01/03 v2.1 e-TeX tools for LaTeX

(/usr/local/texlive/2012/texmf-dist/tex/latex/etex-pkg/etex.sty
Package: etex 1998/03/26 v2.0 eTeX basic definition package (PEB)
\et@xins=\count112
)
\etb@tempcnta=\count113
)
\@glsmfirst=\toks23
\@glsmrest=\toks24
)
(/usr/local/texlive/2012/texmf-dist/tex/latex/xfor/xfor.sty
Package: xfor 2009/02/05 v1.05 (NLCT)
)
\gls@level=\count114
\@gls@tmpb=\toks25
\gls@tmplen=\skip50
\glswrite=\write3
\glskeylisttok=\toks26
\glslabeltok=\toks27
\glsshorttok=\toks28
\glslongtok=\toks29

(/usr/local/texlive/2012/texmf-dist/tex/latex/glossaries/styles/glossary-hypern
av.sty
Package: glossary-hypernav 2007/07/04 v1.01 (NLCT)
)
(/usr/local/texlive/2012/texmf-dist/tex/latex/glossaries/styles/glossary-list.s
ty
Package: glossary-list 2011/03/28 v3.0 (NLCT)
\glslistdottedwidth=\skip51
)
(/usr/local/texlive/2012/texmf-dist/tex/latex/glossaries/styles/glossary-long.s
ty
Package: glossary-long 2011/03/28 v3.0 (NLCT)
 (/usr/local/texlive/2012/texmf-dist/tex/latex/tools/longtable.sty
Package: longtable 2004/02/01 v4.11 Multi-page Table package (DPC)
\LTleft=\skip52
\LTright=\skip53
\LTpre=\skip54
\LTpost=\skip55
\LTchunksize=\count115
\LTcapwidth=\dimen137
\LT@head=\box28
\LT@firsthead=\box29
\LT@foot=\box30
\LT@lastfoot=\box31
\LT@cols=\count116
\LT@rows=\count117
\c@LT@tables=\count118
\c@LT@chunks=\count119
\LT@p@ftn=\toks30
)
\glsdescwidth=\skip56
\glspagelistwidth=\skip57
)
(/usr/local/texlive/2012/texmf-dist/tex/latex/glossaries/styles/glossary-super.
sty
Package: glossary-super 2011/03/28 v3.0 (NLCT)
 (/usr/local/texlive/2012/texmf-dist/tex/latex/supertabular/supertabular.sty
Package: supertabular 2004/02/20 v4.1e the supertabular environment
\c@tracingst=\count120
\ST@wd=\dimen138
\ST@rightskip=\skip58
\ST@leftskip=\skip59
\ST@parfillskip=\skip60
\ST@pageleft=\dimen139
\ST@headht=\dimen140
\ST@tailht=\dimen141
\ST@pagesofar=\dimen142
\ST@pboxht=\dimen143
\ST@lineht=\dimen144
\ST@stretchht=\dimen145
\ST@prevht=\dimen146
\ST@toadd=\dimen147
\ST@dimen=\dimen148
\ST@pbox=\box32
))
(/usr/local/texlive/2012/texmf-dist/tex/latex/glossaries/styles/glossary-tree.s
ty
Package: glossary-tree 2011/03/28 v3.0 (NLCT)
\glstreeindent=\skip61
)) (/usr/local/texlive/2012/texmf-dist/tex/latex/commath/commath.sty)
(/usr/local/texlive/2012/texmf-dist/tex/latex/float/float.sty
Package: float 2001/11/08 v1.3d Float enhancements (AL)
\c@float@type=\count121
\float@exts=\toks31
\float@box=\box33
\@float@everytoks=\toks32
\@floatcapt=\box34
)
(/usr/local/texlive/2012/texmf-dist/tex/latex/pbox/pbox.sty
Package: pbox 2011/12/07 v1.2 Dynamic parboxes
\pb@xlen=\skip62
)
(/usr/local/texlive/2012/texmf-dist/tex/latex/caption/subcaption.sty
Package: subcaption 2012/01/12 v1.1d Sub-captions (AR)
\c@subfigure=\count122
\c@subtable=\count123
)
(/usr/local/texlive/2012/texmf-dist/tex/latex/wrapfig/wrapfig.sty
\wrapoverhang=\dimen149
\WF@size=\dimen150
\c@WF@wrappedlines=\count124
\WF@box=\box35
\WF@everypar=\toks33
Package: wrapfig 2003/01/31  v 3.6
)
(/usr/local/texlive/2012/texmf-dist/tex/latex/setspace/setspace.sty
Package: setspace 2011/12/19 v6.7a set line spacing
)
(/usr/local/texlive/2012/texmf-dist/tex/latex/eso-pic/eso-pic.sty
Package: eso-pic 2010/10/06 v2.0c eso-pic (RN)

(/usr/local/texlive/2012/texmf-dist/tex/generic/oberdiek/atbegshi.sty
Package: atbegshi 2011/10/05 v1.16 At begin shipout hook (HO)
))
(./Report.aux

LaTeX Warning: Label `fig:frame' multiply defined.


LaTeX Warning: Label `fig:sim1' multiply defined.

)
\openout1 = `Report.aux'.

LaTeX Font Info:    Checking defaults for OML/cmm/m/it on input line 64.
LaTeX Font Info:    ... okay on input line 64.
LaTeX Font Info:    Checking defaults for T1/cmr/m/n on input line 64.
LaTeX Font Info:    ... okay on input line 64.
LaTeX Font Info:    Checking defaults for OT1/cmr/m/n on input line 64.
LaTeX Font Info:    ... okay on input line 64.
LaTeX Font Info:    Checking defaults for OMS/cmsy/m/n on input line 64.
LaTeX Font Info:    ... okay on input line 64.
LaTeX Font Info:    Checking defaults for OMX/cmex/m/n on input line 64.
LaTeX Font Info:    ... okay on input line 64.
LaTeX Font Info:    Checking defaults for U/cmr/m/n on input line 64.
LaTeX Font Info:    ... okay on input line 64.

*geometry* driver: auto-detecting
*geometry* detected driver: pdftex
*geometry* verbose mode - [ preamble ] result:
* driver: pdftex
* paper: a4paper
* layout: <same size as paper>
* layoutoffset:(h,v)=(0.0pt,0.0pt)
* modes: 
* h-part:(L,W,R)=(85.35826pt, 426.79135pt, 85.35826pt)
* v-part:(T,H,B)=(71.13188pt, 702.78308pt, 71.13188pt)
* \paperwidth=597.50787pt
* \paperheight=845.04684pt
* \textwidth=426.79135pt
* \textheight=702.78308pt
* \oddsidemargin=13.08827pt
* \evensidemargin=13.08827pt
* \topmargin=-38.1381pt
* \headheight=12.0pt
* \headsep=25.0pt
* \topskip=12.0pt
* \footskip=30.0pt
* \marginparwidth=44.0pt
* \marginparsep=10.0pt
* \columnsep=10.0pt
* \skip\footins=10.8pt plus 4.0pt minus 2.0pt
* \hoffset=0.0pt
* \voffset=0.0pt
* \mag=1000
* \@twocolumnfalse
* \@twosidefalse
* \@mparswitchfalse
* \@reversemarginfalse
* (1in=72.27pt=25.4mm, 1cm=28.453pt)

(/usr/local/texlive/2012/texmf-dist/tex/context/base/supp-pdf.mkii
[Loading MPS to PDF converter (version 2006.09.02).]
\scratchcounter=\count125
\scratchdimen=\dimen151
\scratchbox=\box36
\nofMPsegments=\count126
\nofMParguments=\count127
\everyMPshowfont=\toks34
\MPscratchCnt=\count128
\MPscratchDim=\dimen152
\MPnumerator=\count129
\makeMPintoPDFobject=\count130
\everyMPtoPDFconversion=\toks35
) (/usr/local/texlive/2012/texmf-dist/tex/generic/oberdiek/pdftexcmds.sty
Package: pdftexcmds 2011/11/29 v0.20 Utility functions of pdfTeX for LuaTeX (HO
)

(/usr/local/texlive/2012/texmf-dist/tex/generic/oberdiek/ifluatex.sty
Package: ifluatex 2010/03/01 v1.3 Provides the ifluatex switch (HO)
Package ifluatex Info: LuaTeX not detected.
)
Package pdftexcmds Info: LuaTeX not detected.
Package pdftexcmds Info: \pdf@primitive is available.
Package pdftexcmds Info: \pdf@ifprimitive is available.
Package pdftexcmds Info: \pdfdraftmode found.
)
(/usr/local/texlive/2012/texmf-dist/tex/latex/oberdiek/epstopdf-base.sty
Package: epstopdf-base 2010/02/09 v2.5 Base part for package epstopdf

(/usr/local/texlive/2012/texmf-dist/tex/latex/oberdiek/grfext.sty
Package: grfext 2010/08/19 v1.1 Manage graphics extensions (HO)

(/usr/local/texlive/2012/texmf-dist/tex/generic/oberdiek/kvdefinekeys.sty
Package: kvdefinekeys 2011/04/07 v1.3 Define keys (HO)
))
(/usr/local/texlive/2012/texmf-dist/tex/latex/oberdiek/kvoptions.sty
Package: kvoptions 2011/06/30 v3.11 Key value format for package options (HO)

(/usr/local/texlive/2012/texmf-dist/tex/generic/oberdiek/kvsetkeys.sty
Package: kvsetkeys 2012/04/25 v1.16 Key value parser (HO)

(/usr/local/texlive/2012/texmf-dist/tex/generic/oberdiek/etexcmds.sty
Package: etexcmds 2011/02/16 v1.5 Avoid name clashes with e-TeX commands (HO)
Package etexcmds Info: Could not find \expanded.
(etexcmds)             That can mean that you are not using pdfTeX 1.50 or
(etexcmds)             that some package has redefined \expanded.
(etexcmds)             In the latter case, load this package earlier.
)))
Package grfext Info: Graphics extension search list:
(grfext)             [.png,.pdf,.jpg,.mps,.jpeg,.jbig2,.jb2,.PNG,.PDF,.JPG,.JPE
G,.JBIG2,.JB2,.eps]
(grfext)             \AppendGraphicsExtensions on input line 452.

(/usr/local/texlive/2012/texmf-dist/tex/latex/latexconfig/epstopdf-sys.cfg
File: epstopdf-sys.cfg 2010/07/13 v1.3 Configuration of (r)epstopdf for TeX Liv
e
))
Package caption Info: Begin \AtBeginDocument code.
Package caption Info: float package is loaded.
Package caption Info: longtable package is loaded.

(/usr/local/texlive/2012/texmf-dist/tex/latex/caption/ltcaption.sty
Package: ltcaption 2011/09/12 v1.3 longtable captions (AR)
)
Package caption Info: supertabular package is loaded.
Package caption Info: wrapfig package is loaded.
Package caption Info: End \AtBeginDocument code.
\AtBeginShipoutBox=\box37
LaTeX Font Info:    Try loading font information for U+msa on input line 68.

(/usr/local/texlive/2012/texmf-dist/tex/latex/amsfonts/umsa.fd
File: umsa.fd 2009/06/22 v3.00 AMS symbols A
)
LaTeX Font Info:    Try loading font information for U+msb on input line 68.

(/usr/local/texlive/2012/texmf-dist/tex/latex/amsfonts/umsb.fd
File: umsb.fd 2009/06/22 v3.00 AMS symbols B
)

LaTeX Warning: No \author given.

<Figures/crest.JPG, id=1, 155.83218pt x 216.81pt>
File: Figures/crest.JPG Graphic file (type jpg)
 <use Figures/crest.JPG>
Package pdftex.def Info: Figures/crest.JPG used on input line 70.
(pdftex.def)             Requested size: 155.8318pt x 216.80946pt.

[1

{/usr/local/texlive/2012/texmf-var/fonts/map/pdftex/updmap/pdftex.map} <./Figur
es/crest.JPG>]

Package geometry Warning: `a4paper': not available in `\newgeometry'; skipped.

*geometry* verbose mode - [ newgeometry ] result:
* driver: pdftex
* paper: a4paper
* layout: <same size as paper>
* layoutoffset:(h,v)=(0.0pt,0.0pt)
* modes: 
* h-part:(L,W,R)=(85.35826pt, 455.24411pt, 56.9055pt)
* v-part:(T,H,B)=(71.13188pt, 702.78308pt, 71.13188pt)
* \paperwidth=597.50787pt
* \paperheight=845.04684pt
* \textwidth=455.24411pt
* \textheight=702.78308pt
* \oddsidemargin=13.08827pt
* \evensidemargin=13.08827pt
* \topmargin=-38.1381pt
* \headheight=12.0pt
* \headsep=25.0pt
* \topskip=12.0pt
* \footskip=30.0pt
* \marginparwidth=44.0pt
* \marginparsep=10.0pt
* \columnsep=10.0pt
* \skip\footins=10.8pt plus 4.0pt minus 2.0pt
* \hoffset=0.0pt
* \voffset=0.0pt
* \mag=1000
* \@twocolumnfalse
* \@twosidefalse
* \@mparswitchfalse
* \@reversemarginfalse
* (1in=72.27pt=25.4mm, 1cm=28.453pt)

[2

] [3]
Underfull \hbox (badness 10000) in paragraph at lines 101--102

 []

LaTeX Font Info:    Try loading font information for OMS+cmr on input line 104.

(/usr/local/texlive/2012/texmf-dist/tex/latex/base/omscmr.fd
File: omscmr.fd 1999/05/25 v2.5h Standard LaTeX font definitions
)
LaTeX Font Info:    Font shape `OMS/cmr/m/n' in size <12> not available
(Font)              Font shape `OMS/cmsy/m/n' tried instead on input line 104.

Underfull \hbox (badness 10000) in paragraph at lines 104--105

 []


Underfull \hbox (badness 10000) in paragraph at lines 105--106

 []


Underfull \hbox (badness 10000) in paragraph at lines 106--107

 []


Underfull \hbox (badness 10000) in paragraph at lines 107--108

 []


Underfull \hbox (badness 10000) in paragraph at lines 108--109

 []


Underfull \hbox (badness 10000) in paragraph at lines 109--110

 []


Underfull \hbox (badness 10000) in paragraph at lines 110--111

 []

[1] [2] (./Report.toc [3])
\tf@toc=\write4
\openout4 = `Report.toc'.

 [4] (./Report.lof)
\tf@lof=\write5
\openout5 = `Report.lof'.

 (./Report.lot [5])
\tf@lot=\write6
\openout6 = `Report.lot'.

 [6] [7]
Overfull \hbox (2.96553pt too wide) in paragraph at lines 168--188
[][]
 []

[8] [9] <Figures/grid1.jpg, id=50, 1198.4775pt x 705.63625pt>
File: Figures/grid1.jpg Graphic file (type jpg)

<use Figures/grid1.jpg>
Package pdftex.def Info: Figures/grid1.jpg used on input line 258.
(pdftex.def)             Requested size: 223.06812pt x 136.57025pt.
 <Figures/occ2.png, id=51, 287.3937pt x 133.2177pt>
File: Figures/occ2.png Graphic file (type png)

<use Figures/occ2.png>
Package pdftex.def Info: Figures/occ2.png used on input line 259.
(pdftex.def)             Requested size: 223.06985pt x 136.58763pt.
 [1 <./Figures/grid1.jpg> <./Figures/occ2.png>]
<Figures/PTAM_cam.png, id=59, 640.3925pt x 381.425pt>
File: Figures/PTAM_cam.png Graphic file (type png)

<use Figures/PTAM_cam.png>
Package pdftex.def Info: Figures/PTAM_cam.png used on input line 272.
(pdftex.def)             Requested size: 223.06586pt x 136.57373pt.
 <Figures/PTAM_map.png, id=60, 642.4pt x 379.4175pt>
File: Figures/PTAM_map.png Graphic file (type png)

<use Figures/PTAM_map.png>
Package pdftex.def Info: Figures/PTAM_map.png used on input line 273.
(pdftex.def)             Requested size: 223.06917pt x 136.57281pt.

<Figures/step1.png, id=61, 494.84875pt x 423.5825pt>
File: Figures/step1.png Graphic file (type png)
 <use Figures/step1.png>
Package pdftex.def Info: Figures/step1.png used on input line 288.
(pdftex.def)             Requested size: 145.67708pt x 113.80649pt.

<Figures/step2.png, id=62, 489.83pt x 421.575pt>
File: Figures/step2.png Graphic file (type png)
 <use Figures/step2.png>
Package pdftex.def Info: Figures/step2.png used on input line 289.
(pdftex.def)             Requested size: 145.67952pt x 113.80746pt.

<Figures/step3.png, id=63, 492.84125pt x 417.56pt>
File: Figures/step3.png Graphic file (type png)
 <use Figures/step3.png>
Package pdftex.def Info: Figures/step3.png used on input line 290.
(pdftex.def)             Requested size: 145.68019pt x 113.80673pt.

<Figures/step4.png, id=64, 490.83376pt x 423.5825pt>
File: Figures/step4.png Graphic file (type png)
 <use Figures/step4.png>
Package pdftex.def Info: Figures/step4.png used on input line 291.
(pdftex.def)             Requested size: 145.67845pt x 113.80649pt.

<Figures/step5.png, id=65, 490.83376pt x 421.575pt>
File: Figures/step5.png Graphic file (type png)
 <use Figures/step5.png>
Package pdftex.def Info: Figures/step5.png used on input line 292.
(pdftex.def)             Requested size: 145.67845pt x 113.80746pt.

<Figures/step6.png, id=66, 481.8pt x 424.58624pt>
File: Figures/step6.png Graphic file (type png)
 <use Figures/step6.png>
Package pdftex.def Info: Figures/step6.png used on input line 293.
(pdftex.def)             Requested size: 145.68062pt x 113.81055pt.

<Figures/step7.png, id=67, 494.84875pt x 414.54875pt>
File: Figures/step7.png Graphic file (type png)
 <use Figures/step7.png>
Package pdftex.def Info: Figures/step7.png used on input line 294.
(pdftex.def)             Requested size: 145.67708pt x 113.80832pt.

<Figures/step8.png, id=68, 497.86pt x 417.56pt>
File: Figures/step8.png Graphic file (type png)
 <use Figures/step8.png>
Package pdftex.def Info: Figures/step8.png used on input line 295.
(pdftex.def)             Requested size: 145.68233pt x 113.80673pt.

<Figures/step9.png, id=69, 483.8075pt x 415.5525pt>
File: Figures/step9.png Graphic file (type png)
 <use Figures/step9.png>
Package pdftex.def Info: Figures/step9.png used on input line 296.
(pdftex.def)             Requested size: 145.68227pt x 113.81123pt.

[2 <./Figures/PTAM_cam.png> <./Figures/PTAM_map.png>]
Overfull \hbox (26.54971pt too wide) in paragraph at lines 305--322
[][]
 []

[3 <./Figures/step1.png> <./Figures/step2.png> <./Figures/step3.png> <./Figures
/step4.png> <./Figures/step5.png> <./Figures/step6.png> <./Figures/step7.png> <
./Figures/step8.png> <./Figures/step9.png>]
<Figures/camvel.png, id=85, 1217.54875pt x 550.055pt>
File: Figures/camvel.png Graphic file (type png)
 <use Figures/camvel.png>
Package pdftex.def Info: Figures/camvel.png used on input line 353.
(pdftex.def)             Requested size: 218.51765pt x 91.04051pt.

[4]
Underfull \hbox (badness 10000) in paragraph at lines 361--364

 []

<Figures/Drawing2.png, id=89, 453.94594pt x 311.66437pt>
File: Figures/Drawing2.png Graphic file (type png)

<use Figures/Drawing2.png>
Package pdftex.def Info: Figures/Drawing2.png used on input line 376.
(pdftex.def)             Requested size: 455.24702pt x 204.86212pt.
 [5 <./Figures/camvel.png>]
Underfull \hbox (badness 10000) in paragraph at lines 393--404

 []


Underfull \hbox (badness 10000) in paragraph at lines 393--404

 []


Underfull \hbox (badness 10000) in paragraph at lines 393--404

 []


Underfull \hbox (badness 10000) in paragraph at lines 393--404

 []


Underfull \hbox (badness 10000) in paragraph at lines 393--404

 []

[6 <./Figures/Drawing2.png>] [7] [8]
Underfull \hbox (badness 10000) in paragraph at lines 479--480

 []


Underfull \hbox (badness 10000) in paragraph at lines 483--484

 []

[9]
Overfull \hbox (10.52931pt too wide) in paragraph at lines 510--528
 [] 
 []

[10] <Figures/LIN1.png, id=111, 764.8575pt x 707.64375pt>
File: Figures/LIN1.png Graphic file (type png)

<use Figures/LIN1.png>
Package pdftex.def Info: Figures/LIN1.png used on input line 539.
(pdftex.def)             Requested size: 223.0751pt x 318.6743pt.
 <Figures/Non1.png, id=112, 807.015pt x 827.09pt>
File: Figures/Non1.png Graphic file (type png)

<use Figures/Non1.png>
Package pdftex.def Info: Figures/Non1.png used on input line 540.
(pdftex.def)             Requested size: 223.06886pt x 318.67673pt.
 [11 <./Figures/LIN1.png> <./Figures/Non1.png>]
Overfull \hbox (10.52931pt too wide) in paragraph at lines 580--599
[][] 
 []

[12] <Figures/System1.png, id=125, 700.11563pt x 542.025pt>
File: Figures/System1.png Graphic file (type png)

<use Figures/System1.png>
Package pdftex.def Info: Figures/System1.png used on input line 609.
(pdftex.def)             Requested size: 455.25137pt x 364.20523pt.
 [13 <./Figures/System1.png>] [14] [15]
<Figures/frames.png, id=136, 1202.4925pt x 728.7225pt>
File: Figures/frames.png Graphic file (type png)

<use Figures/frames.png>
Package pdftex.def Info: Figures/frames.png used on input line 675.
(pdftex.def)             Requested size: 364.20006pt x 170.71608pt.


LaTeX Warning: `h' float specifier changed to `ht'.

[16] [17 <./Figures/frames.png>]
<Figures/1.png, id=144, 945.5325pt x 678.535pt>
File: Figures/1.png Graphic file (type png)
 <use Figures/1.png>
Package pdftex.def Info: Figures/1.png used on input line 704.
(pdftex.def)             Requested size: 409.71628pt x 204.85626pt.
 [18 <./Figures/1.png>] [19] [20] [21]
Missing character: There is no Õ in font cmr12!
Missing character: There is no Õ in font cmr12!

Underfull \hbox (badness 10000) in paragraph at lines 858--861

 []

[22]
Underfull \hbox (badness 10000) in paragraph at lines 891--892

 []

[23] [24]

LaTeX Warning: Reference `eq:cat' on page 25 undefined on input line 996.

[25] <Figures/Drawing7.png, id=172, 812.28468pt x 563.85657pt>
File: Figures/Drawing7.png Graphic file (type png)

<use Figures/Drawing7.png>
Package pdftex.def Info: Figures/Drawing7.png used on input line 1038.
(pdftex.def)             Requested size: 455.23576pt x 386.96214pt.
 [26 <./Figures/Drawing7.png>]
<Figures/arduino.jpg, id=176, 254.1495pt x 179.77162pt>
File: Figures/arduino.jpg Graphic file (type jpg)

<use Figures/arduino.jpg>
Package pdftex.def Info: Figures/arduino.jpg used on input line 1077.
(pdftex.def)             Requested size: 227.6272pt x 125.1919pt.
 [27 <./Figures/arduino.jpg>]
<Figures/imu1.jpg, id=180, 121.6545pt x 96.1191pt>
File: Figures/imu1.jpg Graphic file (type jpg)
 <use Figures/imu1.jpg>
Package pdftex.def Info: Figures/imu1.jpg used on input line 1150.
(pdftex.def)             Requested size: 223.09517pt x 113.81258pt.

<Figures/cam.png, id=181, 436.63126pt x 501.875pt>
File: Figures/cam.png Graphic file (type png)
 <use Figures/cam.png>
Package pdftex.def Info: Figures/cam.png used on input line 1151.
(pdftex.def)             Requested size: 182.09135pt x 113.80533pt.

Underfull \hbox (badness 10000) in paragraph at lines 1121--1157

 []


LaTeX Warning: `h' float specifier changed to `ht'.


Underfull \hbox (badness 10000) in paragraph at lines 1158--1166

 []

[28] [29 <./Figures/imu1.jpg> <./Figures/cam.png>]
<Figures/Gyro_bias.png, id=189, 498.86375pt x 412.54124pt>
File: Figures/Gyro_bias.png Graphic file (type png)

<use Figures/Gyro_bias.png>
Package pdftex.def Info: Figures/Gyro_bias.png used on input line 1231.
(pdftex.def)             Requested size: 223.07077pt x 204.86006pt.

<Figures/bias_ac.png, id=190, 513.92pt x 421.575pt>
File: Figures/bias_ac.png Graphic file (type png)
 <use Figures/bias_ac.png>
Package pdftex.def Info: Figures/bias_ac.png used on input line 1232.
(pdftex.def)             Requested size: 223.07504pt x 204.86244pt.

[30 <./Figures/Gyro_bias.png> <./Figures/bias_ac.png>]
Underfull \hbox (badness 10000) in paragraph at lines 1246--1247

 []


Underfull \hbox (badness 10000) in paragraph at lines 1247--1248

 []


Underfull \hbox (badness 10000) in paragraph at lines 1248--1249

 []


Underfull \hbox (badness 10000) in paragraph at lines 1249--1250

 []

[31] <Figures/gyrox180.png, id=198, 495.8525pt x 411.5375pt>
File: Figures/gyrox180.png Graphic file (type png)

<use Figures/gyrox180.png>
Package pdftex.def Info: Figures/gyrox180.png used on input line 1279.
(pdftex.def)             Requested size: 223.07103pt x 128.0337pt.

<Figures/gyroy90.png, id=199, 496.85625pt x 411.5375pt>
File: Figures/gyroy90.png Graphic file (type png)

<use Figures/gyroy90.png>
Package pdftex.def Info: Figures/gyroy90.png used on input line 1284.
(pdftex.def)             Requested size: 223.07529pt x 122.34444pt.

<Figures/gyroy2.png, id=200, 496.85625pt x 404.51125pt>
File: Figures/gyroy2.png Graphic file (type png)

<use Figures/gyroy2.png>
Package pdftex.def Info: Figures/gyroy2.png used on input line 1289.
(pdftex.def)             Requested size: 223.07529pt x 128.03894pt.

<Figures/gyrox360.png, id=201, 496.85625pt x 405.515pt>
File: Figures/gyrox360.png Graphic file (type png)

<use Figures/gyrox360.png>
Package pdftex.def Info: Figures/gyrox360.png used on input line 1294.
(pdftex.def)             Requested size: 223.07529pt x 122.34845pt.
 [32 <./Figures/gyrox180.png> <./Figures/gyroy90.png> <./Figures/gyroy2.png> <.
/Figures/gyrox360.png>]
<Figures/Drawing3.png, id=206, 759.58781pt x 552.56438pt>
File: Figures/Drawing3.png Graphic file (type png)

<use Figures/Drawing3.png>
Package pdftex.def Info: Figures/Drawing3.png used on input line 1368.
(pdftex.def)             Requested size: 455.25781pt x 364.19615pt.
 [33 <./Figures/Drawing3.png>]
Underfull \hbox (badness 10000) in paragraph at lines 1378--1381

 []

[34] <Figures/accx_1_traj.png, id=213, 421.575pt x 316.18124pt>
File: Figures/accx_1_traj.png Graphic file (type png)

<use Figures/accx_1_traj.png>
Package pdftex.def Info: Figures/accx_1_traj.png used on input line 1406.
(pdftex.def)             Requested size: 223.07344pt x 165.02791pt.

<Figures/90rotx_traj.png, id=214, 421.575pt x 316.18124pt>
File: Figures/90rotx_traj.png Graphic file (type png)

<use Figures/90rotx_traj.png>
Package pdftex.def Info: Figures/90rotx_traj.png used on input line 1411.
(pdftex.def)             Requested size: 223.07344pt x 165.02791pt.

<Figures/xy_block_traj.png, id=215, 421.575pt x 316.18124pt>
File: Figures/xy_block_traj.png Graphic file (type png)

<use Figures/xy_block_traj.png>
Package pdftex.def Info: Figures/xy_block_traj.png used on input line 1417.
(pdftex.def)             Requested size: 295.911pt x 165.02791pt.
 [35 <./Figures/accx_1_traj.png (PNG copy)> <./Figures/90rotx_traj.png (PNG cop
y)> <./Figures/xy_block_traj.png (PNG copy)>]
[36] <Figures/xhigh.png, id=222, 473.77pt x 384.43625pt>
File: Figures/xhigh.png Graphic file (type png)

<use Figures/xhigh.png>
Package pdftex.def Info: Figures/xhigh.png used on input line 1454.
(pdftex.def)             Requested size: 223.06953pt x 170.71869pt.

<Figures/high_traj.png, id=223, 517.935pt x 402.50375pt>
File: Figures/high_traj.png Graphic file (type png)

<use Figures/high_traj.png>
Package pdftex.def Info: Figures/high_traj.png used on input line 1459.
(pdftex.def)             Requested size: 223.07124pt x 170.71481pt.

<Figures/kf_none_x.png, id=224, 421.575pt x 316.18124pt>
File: Figures/kf_none_x.png Graphic file (type png)

<use Figures/kf_none_x.png>
Package pdftex.def Info: Figures/kf_none_x.png used on input line 1470.
(pdftex.def)             Requested size: 223.07344pt x 182.10191pt.

<Figures/kf_none_traj.png, id=225, 421.575pt x 316.18124pt>
File: Figures/kf_none_traj.png Graphic file (type png)

<use Figures/kf_none_traj.png>
Package pdftex.def Info: Figures/kf_none_traj.png used on input line 1475.
(pdftex.def)             Requested size: 223.07344pt x 182.10191pt.

<Figures/kf_eq001_y.png, id=226, 421.575pt x 316.18124pt>
File: Figures/kf_eq001_y.png Graphic file (type png)

<use Figures/kf_eq001_y.png>
Package pdftex.def Info: Figures/kf_eq001_y.png used on input line 1480.
(pdftex.def)             Requested size: 223.07344pt x 184.94356pt.

<Figures/kf_eq001_traj.png, id=227, 421.575pt x 316.18124pt>
File: Figures/kf_eq001_traj.png Graphic file (type png)

<use Figures/kf_eq001_traj.png>
Package pdftex.def Info: Figures/kf_eq001_traj.png used on input line 1485.
(pdftex.def)             Requested size: 223.07344pt x 184.94356pt.

<Figures/kf_pro10to1_z.png, id=228, 421.575pt x 316.18124pt>
File: Figures/kf_pro10to1_z.png Graphic file (type png)

<use Figures/kf_pro10to1_z.png>
Package pdftex.def Info: Figures/kf_pro10to1_z.png used on input line 1490.
(pdftex.def)             Requested size: 223.07344pt x 184.94356pt.

<Figures/kf_pro10to1_traj.png, id=229, 421.575pt x 316.18124pt>
File: Figures/kf_pro10to1_traj.png Graphic file (type png)

<use Figures/kf_pro10to1_traj.png>
Package pdftex.def Info: Figures/kf_pro10to1_traj.png used on input line 1495.
(pdftex.def)             Requested size: 223.07344pt x 184.94356pt.
 [37 <./Figures/xhigh.png> <./Figures/high_traj.png>]
Overfull \vbox (3.40593pt too high) has occurred while \output is active []


[38 <./Figures/kf_none_x.png (PNG copy)> <./Figures/kf_none_traj.png (PNG copy)
> <./Figures/kf_eq001_y.png (PNG copy)> <./Figures/kf_eq001_traj.png (PNG copy)
> <./Figures/kf_pro10to1_z.png (PNG copy)> <./Figures/kf_pro10to1_traj.png (PNG
 copy)>] [39] [40] [41] [42]
Missing character: There is no Õ in font cmr12!

Underfull \hbox (badness 10000) in paragraph at lines 1606--1609

 []

[43] [44]
Underfull \hbox (badness 10000) in paragraph at lines 1687--1688

 []


Underfull \hbox (badness 10000) in paragraph at lines 1700--1703

 []

[45] [46]
Underfull \hbox (badness 10000) in paragraph at lines 1743--1747

 []

[47] <Figures/Schematic_bb.png, id=266, 338.866pt x 202.356pt>
File: Figures/Schematic_bb.png Graphic file (type png)

<use Figures/Schematic_bb.png>
Package pdftex.def Info: Figures/Schematic_bb.png used on input line 1756.
(pdftex.def)             Requested size: 364.21695pt x 209.42633pt.

<Figures/Schematic.png, id=267, 472.164pt x 249.733pt>
File: Figures/Schematic.png Graphic file (type png)

<use Figures/Schematic.png>
Package pdftex.def Info: Figures/Schematic.png used on input line 1763.
(pdftex.def)             Requested size: 455.24635pt x 227.63081pt.
 [48 <./Figures/Schematic_bb.png> <./Figures/Schematic.png>] (./Report.bbl [49]

Underfull \hbox (badness 10000) in paragraph at lines 134--136
[]\OT1/cmr/m/n/12 C. Com-mons, ``At-tri-bu-tion non-com-mer-cial share-alike 3.
0.''
 []


Overfull \hbox (35.41609pt too wide) in paragraph at lines 146--149
[]\OT1/cmr/m/n/12 T. I. S. E. GmbH, ``The imag-ing source.'' http://www.theimag
ingsource.com/products/oem-
 []

[50])

Package glossaries Warning: \makeglossaries hasn't been used,
the glossaries will not be updated.


Package glossaries Warning: No \printglossary or \printglossaries found.
This document will not have a glossary.

[51] (./Report.aux)

LaTeX Warning: There were undefined references.


LaTeX Warning: There were multiply-defined labels.

 ) 
Here is how much of TeX's memory you used:
 7562 strings out of 493488
 113042 string characters out of 3141326
 208892 words of memory out of 3000000
 10653 multiletter control sequences out of 15000+200000
 17768 words of font info for 66 fonts, out of 3000000 for 9000
 957 hyphenation exceptions out of 8191
 38i,34n,74p,2475b,564s stack positions out of 5000i,500n,10000p,200000b,50000s
</usr/local/texlive/2012/texmf-dist/fonts/type1/public/amsfonts/cmextra/cmbsy
8.pfb></usr/local/texlive/2012/texmf-dist/fonts/type1/public/amsfonts/cm/cmbx12
.pfb></usr/local/texlive/2012/texmf-dist/fonts/type1/public/amsfonts/cm/cmbx8.p
fb></usr/local/texlive/2012/texmf-dist/fonts/type1/public/amsfonts/cm/cmex10.pf
b></usr/local/texlive/2012/texmf-dist/fonts/type1/public/amsfonts/cm/cmmi12.pfb
></usr/local/texlive/2012/texmf-dist/fonts/type1/public/amsfonts/cm/cmmi6.pfb><
/usr/local/texlive/2012/texmf-dist/fonts/type1/public/amsfonts/cm/cmmi8.pfb></u
sr/local/texlive/2012/texmf-dist/fonts/type1/public/amsfonts/cm/cmmib10.pfb></u
sr/local/texlive/2012/texmf-dist/fonts/type1/public/amsfonts/cmextra/cmmib8.pfb
></usr/local/texlive/2012/texmf-dist/fonts/type1/public/amsfonts/cm/cmr10.pfb><
/usr/local/texlive/2012/texmf-dist/fonts/type1/public/amsfonts/cm/cmr12.pfb></u
sr/local/texlive/2012/texmf-dist/fonts/type1/public/amsfonts/cm/cmr17.pfb></usr
/local/texlive/2012/texmf-dist/fonts/type1/public/amsfonts/cm/cmr6.pfb></usr/lo
cal/texlive/2012/texmf-dist/fonts/type1/public/amsfonts/cm/cmr8.pfb></usr/local
/texlive/2012/texmf-dist/fonts/type1/public/amsfonts/cm/cmsy10.pfb></usr/local/
texlive/2012/texmf-dist/fonts/type1/public/amsfonts/cm/cmsy6.pfb></usr/local/te
xlive/2012/texmf-dist/fonts/type1/public/amsfonts/cm/cmsy8.pfb></usr/local/texl
ive/2012/texmf-dist/fonts/type1/public/amsfonts/cm/cmti12.pfb>
Output written on Report.pdf (63 pages, 4094331 bytes).
PDF statistics:
 342 PDF objects out of 1000 (max. 8388607)
 196 compressed objects within 2 object streams
 0 named destinations out of 1000 (max. 500000)
 226 words of extra memory for PDF output out of 10000 (max. 10000000)

